<?xml version="1.0" encoding="UTF-8"?>
<coverage generated="1556296625214" clover="3.2.0">
  <project timestamp="1556296625214" name="All files">
    <metrics statements="26" coveredstatements="26" conditionals="6" coveredconditionals="5" methods="8" coveredmethods="8" elements="40" coveredelements="39" complexity="0" loc="26" ncloc="26" packages="7" files="16" classes="16"/>
    <package name="filmCard">
      <metrics statements="3" coveredstatements="3" conditionals="0" coveredconditionals="0" methods="1" coveredmethods="1"/>
      <file name="filmCard.jsx" path="/Users/aleksandrbelik/Documents/filmFinder/src/components/common/filmCard/filmCard.jsx">
        <metrics statements="3" coveredstatements="3" conditionals="0" coveredconditionals="0" methods="1" coveredmethods="1"/>
        <line num="5" count="2" type="stmt"/>
        <line num="11" count="20" type="stmt"/>
        <line num="21" count="2" type="stmt"/>
      </file>
      <file name="filmCard.less" path="/Users/aleksandrbelik/Documents/filmFinder/src/components/common/filmCard/filmCard.less">
        <metrics statements="0" coveredstatements="0" conditionals="0" coveredconditionals="0" methods="0" coveredmethods="0"/>
      </file>
    </package>
    <package name="filmDetails">
      <metrics statements="2" coveredstatements="2" conditionals="0" coveredconditionals="0" methods="1" coveredmethods="1"/>
      <file name="filmDetails.jsx" path="/Users/aleksandrbelik/Documents/filmFinder/src/components/common/filmDetails/filmDetails.jsx">
        <metrics statements="2" coveredstatements="2" conditionals="0" coveredconditionals="0" methods="1" coveredmethods="1"/>
        <line num="4" count="1" type="stmt"/>
        <line num="5" count="1" type="stmt"/>
      </file>
      <file name="filmDetails.less" path="/Users/aleksandrbelik/Documents/filmFinder/src/components/common/filmDetails/filmDetails.less">
        <metrics statements="0" coveredstatements="0" conditionals="0" coveredconditionals="0" methods="0" coveredmethods="0"/>
      </file>
    </package>
    <package name="filmsList">
      <metrics statements="5" coveredstatements="5" conditionals="4" coveredconditionals="3" methods="2" coveredmethods="2"/>
      <file name="filmsList.jsx" path="/Users/aleksandrbelik/Documents/filmFinder/src/components/common/filmsList/filmsList.jsx">
        <metrics statements="5" coveredstatements="5" conditionals="4" coveredconditionals="3" methods="2" coveredmethods="2"/>
        <line num="7" count="1" type="stmt"/>
        <line num="8" count="3" type="stmt"/>
        <line num="11" count="19" type="stmt"/>
        <line num="22" count="1" type="stmt"/>
        <line num="26" count="1" type="stmt"/>
      </file>
      <file name="filmsList.less" path="/Users/aleksandrbelik/Documents/filmFinder/src/components/common/filmsList/filmsList.less">
        <metrics statements="0" coveredstatements="0" conditionals="0" coveredconditionals="0" methods="0" coveredmethods="0"/>
      </file>
    </package>
    <package name="page">
      <metrics statements="4" coveredstatements="4" conditionals="2" coveredconditionals="2" methods="1" coveredmethods="1"/>
      <file name="page.jsx" path="/Users/aleksandrbelik/Documents/filmFinder/src/components/common/page/page.jsx">
        <metrics statements="4" coveredstatements="4" conditionals="2" coveredconditionals="2" methods="1" coveredmethods="1"/>
        <line num="6" count="1" type="stmt"/>
        <line num="12" count="4" type="stmt"/>
        <line num="40" count="1" type="stmt"/>
        <line num="47" count="1" type="stmt"/>
      </file>
      <file name="page.less" path="/Users/aleksandrbelik/Documents/filmFinder/src/components/common/page/page.less">
        <metrics statements="0" coveredstatements="0" conditionals="0" coveredconditionals="0" methods="0" coveredmethods="0"/>
      </file>
    </package>
    <package name="searchEmpty">
      <metrics statements="2" coveredstatements="2" conditionals="0" coveredconditionals="0" methods="1" coveredmethods="1"/>
      <file name="searchEmpty.jsx" path="/Users/aleksandrbelik/Documents/filmFinder/src/components/common/searchEmpty/searchEmpty.jsx">
        <metrics statements="2" coveredstatements="2" conditionals="0" coveredconditionals="0" methods="1" coveredmethods="1"/>
        <line num="4" count="2" type="stmt"/>
        <line num="5" count="1" type="stmt"/>
      </file>
      <file name="searchEmpty.less" path="/Users/aleksandrbelik/Documents/filmFinder/src/components/common/searchEmpty/searchEmpty.less">
        <metrics statements="0" coveredstatements="0" conditionals="0" coveredconditionals="0" methods="0" coveredmethods="0"/>
      </file>
    </package>
    <package name="searchForm">
      <metrics statements="5" coveredstatements="5" conditionals="0" coveredconditionals="0" methods="1" coveredmethods="1"/>
      <file name="searchForm.jsx" path="/Users/aleksandrbelik/Documents/filmFinder/src/components/common/searchForm/searchForm.jsx">
        <metrics statements="3" coveredstatements="3" conditionals="0" coveredconditionals="0" methods="1" coveredmethods="1"/>
        <line num="7" count="1" type="stmt"/>
        <line num="15" count="1" type="stmt"/>
        <line num="43" count="1" type="stmt"/>
      </file>
      <file name="searchForm.less" path="/Users/aleksandrbelik/Documents/filmFinder/src/components/common/searchForm/searchForm.less">
        <metrics statements="0" coveredstatements="0" conditionals="0" coveredconditionals="0" methods="0" coveredmethods="0"/>
      </file>
      <file name="searchFormHelpers.js" path="/Users/aleksandrbelik/Documents/filmFinder/src/components/common/searchForm/searchFormHelpers.js">
        <metrics statements="2" coveredstatements="2" conditionals="0" coveredconditionals="0" methods="0" coveredmethods="0"/>
        <line num="1" count="1" type="stmt"/>
        <line num="2" count="1" type="stmt"/>
      </file>
    </package>
    <package name="sorting">
      <metrics statements="5" coveredstatements="5" conditionals="0" coveredconditionals="0" methods="1" coveredmethods="1"/>
      <file name="sorting.jsx" path="/Users/aleksandrbelik/Documents/filmFinder/src/components/common/sorting/sorting.jsx">
        <metrics statements="3" coveredstatements="3" conditionals="0" coveredconditionals="0" methods="1" coveredmethods="1"/>
        <line num="7" count="1" type="stmt"/>
        <line num="12" count="1" type="stmt"/>
        <line num="34" count="1" type="stmt"/>
      </file>
      <file name="sorting.less" path="/Users/aleksandrbelik/Documents/filmFinder/src/components/common/sorting/sorting.less">
        <metrics statements="0" coveredstatements="0" conditionals="0" coveredconditionals="0" methods="0" coveredmethods="0"/>
      </file>
      <file name="sortingHelpers.js" path="/Users/aleksandrbelik/Documents/filmFinder/src/components/common/sorting/sortingHelpers.js">
        <metrics statements="2" coveredstatements="2" conditionals="0" coveredconditionals="0" methods="0" coveredmethods="0"/>
        <line num="1" count="1" type="stmt"/>
        <line num="2" count="1" type="stmt"/>
      </file>
    </package>
  </project>
</coverage>
