{"/Users/aleksandrbelik/Documents/filmFinder/src/components/common/filmCard/filmCard.jsx": {"path":"/Users/aleksandrbelik/Documents/filmFinder/src/components/common/filmCard/filmCard.jsx","statementMap":{"0":{"start":{"line":5,"column":17},"end":{"line":19,"column":1}},"1":{"start":{"line":11,"column":2},"end":{"line":18,"column":8}},"2":{"start":{"line":21,"column":0},"end":{"line":26,"column":2}}},"fnMap":{"0":{"name":"(anonymous_0)","decl":{"start":{"line":5,"column":17},"end":{"line":5,"column":18}},"loc":{"start":{"line":11,"column":2},"end":{"line":18,"column":8}},"line":11}},"branchMap":{},"s":{"0":2,"1":20,"2":2},"f":{"0":20},"b":{},"_coverageSchema":"43e27e138ebf9cfc5966b082cf9a028302ed4184","hash":"53f1040fee43dd62cd77968ba502cb1d395e70db"}
,"/Users/aleksandrbelik/Documents/filmFinder/src/components/common/filmCard/filmCard.less": {"path":"/Users/aleksandrbelik/Documents/filmFinder/src/components/common/filmCard/filmCard.less","statementMap":{},"fnMap":{},"branchMap":{},"s":{},"f":{},"b":{},"_coverageSchema":"43e27e138ebf9cfc5966b082cf9a028302ed4184","hash":"ef1ef700217acb1b41f463d63c0c5f741ef5ea57"}
,"/Users/aleksandrbelik/Documents/filmFinder/src/components/common/filmDetails/filmDetails.jsx": {"path":"/Users/aleksandrbelik/Documents/filmFinder/src/components/common/filmDetails/filmDetails.jsx","statementMap":{"0":{"start":{"line":4,"column":20},"end":{"line":19,"column":1}},"1":{"start":{"line":5,"column":2},"end":{"line":18,"column":8}}},"fnMap":{"0":{"name":"(anonymous_0)","decl":{"start":{"line":4,"column":20},"end":{"line":4,"column":21}},"loc":{"start":{"line":5,"column":2},"end":{"line":18,"column":8}},"line":5}},"branchMap":{},"s":{"0":1,"1":1},"f":{"0":1},"b":{},"_coverageSchema":"43e27e138ebf9cfc5966b082cf9a028302ed4184","hash":"7257359a15b5bf4539103bf2c7aed480ac83ded3"}
,"/Users/aleksandrbelik/Documents/filmFinder/src/components/common/filmDetails/filmDetails.less": {"path":"/Users/aleksandrbelik/Documents/filmFinder/src/components/common/filmDetails/filmDetails.less","statementMap":{},"fnMap":{},"branchMap":{},"s":{},"f":{},"b":{},"_coverageSchema":"43e27e138ebf9cfc5966b082cf9a028302ed4184","hash":"a36c6527b750b113cbe65113d3c48e0221bb19d7"}
,"/Users/aleksandrbelik/Documents/filmFinder/src/components/common/filmsList/filmsList.jsx": {"path":"/Users/aleksandrbelik/Documents/filmFinder/src/components/common/filmsList/filmsList.jsx","statementMap":{"0":{"start":{"line":7,"column":17},"end":{"line":20,"column":1}},"1":{"start":{"line":8,"column":2},"end":{"line":19,"column":8}},"2":{"start":{"line":11,"column":8},"end":{"line":11,"column":46}},"3":{"start":{"line":22,"column":0},"end":{"line":24,"column":2}},"4":{"start":{"line":26,"column":0},"end":{"line":107,"column":2}}},"fnMap":{"0":{"name":"(anonymous_0)","decl":{"start":{"line":7,"column":17},"end":{"line":7,"column":18}},"loc":{"start":{"line":8,"column":2},"end":{"line":19,"column":8}},"line":8},"1":{"name":"(anonymous_1)","decl":{"start":{"line":10,"column":34},"end":{"line":10,"column":35}},"loc":{"start":{"line":11,"column":8},"end":{"line":11,"column":46}},"line":11}},"branchMap":{"0":{"loc":{"start":{"line":10,"column":6},"end":{"line":12,"column":8}},"type":"binary-expr","locations":[{"start":{"line":10,"column":6},"end":{"line":10,"column":20}},{"start":{"line":10,"column":24},"end":{"line":12,"column":8}}],"line":10},"1":{"loc":{"start":{"line":15,"column":6},"end":{"line":17,"column":7}},"type":"binary-expr","locations":[{"start":{"line":15,"column":6},"end":{"line":15,"column":19}},{"start":{"line":16,"column":8},"end":{"line":16,"column":23}}],"line":15}},"s":{"0":1,"1":3,"2":19,"3":1,"4":1},"f":{"0":3,"1":19},"b":{"0":[3,3],"1":[3,0]},"_coverageSchema":"43e27e138ebf9cfc5966b082cf9a028302ed4184","hash":"4be314a8ead1929a7da76c2293823378cc0657dc"}
,"/Users/aleksandrbelik/Documents/filmFinder/src/components/common/filmsList/filmsList.less": {"path":"/Users/aleksandrbelik/Documents/filmFinder/src/components/common/filmsList/filmsList.less","statementMap":{},"fnMap":{},"branchMap":{},"s":{},"f":{},"b":{},"_coverageSchema":"43e27e138ebf9cfc5966b082cf9a028302ed4184","hash":"a65297564113bc1d0f216156494c9f8c9ec82a4f"}
,"/Users/aleksandrbelik/Documents/filmFinder/src/components/common/page/page.jsx": {"path":"/Users/aleksandrbelik/Documents/filmFinder/src/components/common/page/page.jsx","statementMap":{"0":{"start":{"line":6,"column":13},"end":{"line":38,"column":1}},"1":{"start":{"line":12,"column":2},"end":{"line":37,"column":8}},"2":{"start":{"line":40,"column":0},"end":{"line":45,"column":2}},"3":{"start":{"line":47,"column":0},"end":{"line":50,"column":2}}},"fnMap":{"0":{"name":"(anonymous_0)","decl":{"start":{"line":6,"column":13},"end":{"line":6,"column":14}},"loc":{"start":{"line":12,"column":2},"end":{"line":37,"column":8}},"line":12}},"branchMap":{"0":{"loc":{"start":{"line":19,"column":14},"end":{"line":21,"column":15}},"type":"binary-expr","locations":[{"start":{"line":19,"column":14},"end":{"line":19,"column":27}},{"start":{"line":20,"column":16},"end":{"line":20,"column":86}}],"line":19}},"s":{"0":1,"1":4,"2":1,"3":1},"f":{"0":4},"b":{"0":[4,2]},"_coverageSchema":"43e27e138ebf9cfc5966b082cf9a028302ed4184","hash":"aaeb5aa25f0c1c76b4a52fdefa1e353e0e25805c"}
,"/Users/aleksandrbelik/Documents/filmFinder/src/components/common/page/page.less": {"path":"/Users/aleksandrbelik/Documents/filmFinder/src/components/common/page/page.less","statementMap":{},"fnMap":{},"branchMap":{},"s":{},"f":{},"b":{},"_coverageSchema":"43e27e138ebf9cfc5966b082cf9a028302ed4184","hash":"14bac6f9c9623117324752538361a3ae448abe2d"}
,"/Users/aleksandrbelik/Documents/filmFinder/src/components/common/searchEmpty/searchEmpty.jsx": {"path":"/Users/aleksandrbelik/Documents/filmFinder/src/components/common/searchEmpty/searchEmpty.jsx","statementMap":{"0":{"start":{"line":4,"column":20},"end":{"line":6,"column":1}},"1":{"start":{"line":5,"column":2},"end":{"line":5,"column":52}}},"fnMap":{"0":{"name":"(anonymous_0)","decl":{"start":{"line":4,"column":20},"end":{"line":4,"column":21}},"loc":{"start":{"line":5,"column":2},"end":{"line":5,"column":52}},"line":5}},"branchMap":{},"s":{"0":2,"1":1},"f":{"0":1},"b":{},"_coverageSchema":"43e27e138ebf9cfc5966b082cf9a028302ed4184","hash":"6b0c0861b6b7368ac847ee181314db278d4fc577"}
,"/Users/aleksandrbelik/Documents/filmFinder/src/components/common/searchEmpty/searchEmpty.less": {"path":"/Users/aleksandrbelik/Documents/filmFinder/src/components/common/searchEmpty/searchEmpty.less","statementMap":{},"fnMap":{},"branchMap":{},"s":{},"f":{},"b":{},"_coverageSchema":"43e27e138ebf9cfc5966b082cf9a028302ed4184","hash":"e4c832ae7f489dcf927dc420bf4bcaadcb1ae977"}
,"/Users/aleksandrbelik/Documents/filmFinder/src/components/common/searchForm/searchForm.jsx": {"path":"/Users/aleksandrbelik/Documents/filmFinder/src/components/common/searchForm/searchForm.jsx","statementMap":{"0":{"start":{"line":7,"column":19},"end":{"line":41,"column":1}},"1":{"start":{"line":15,"column":2},"end":{"line":40,"column":9}},"2":{"start":{"line":43,"column":0},"end":{"line":50,"column":2}}},"fnMap":{"0":{"name":"(anonymous_0)","decl":{"start":{"line":7,"column":19},"end":{"line":7,"column":20}},"loc":{"start":{"line":15,"column":2},"end":{"line":40,"column":9}},"line":15}},"branchMap":{},"s":{"0":1,"1":1,"2":1},"f":{"0":1},"b":{},"_coverageSchema":"43e27e138ebf9cfc5966b082cf9a028302ed4184","hash":"346a91d4c98273757fb6dfd00d9bdf9f1a647dee"}
,"/Users/aleksandrbelik/Documents/filmFinder/src/components/common/searchForm/searchForm.less": {"path":"/Users/aleksandrbelik/Documents/filmFinder/src/components/common/searchForm/searchForm.less","statementMap":{},"fnMap":{},"branchMap":{},"s":{},"f":{},"b":{},"_coverageSchema":"43e27e138ebf9cfc5966b082cf9a028302ed4184","hash":"01ca6df5a3b964bebc61e666191a9b80cf48119a"}
,"/Users/aleksandrbelik/Documents/filmFinder/src/components/common/searchForm/searchFormHelpers.js": {"path":"/Users/aleksandrbelik/Documents/filmFinder/src/components/common/searchForm/searchFormHelpers.js","statementMap":{"0":{"start":{"line":1,"column":28},"end":{"line":1,"column":35}},"1":{"start":{"line":2,"column":28},"end":{"line":2,"column":35}}},"fnMap":{},"branchMap":{},"s":{"0":1,"1":1},"f":{},"b":{},"_coverageSchema":"43e27e138ebf9cfc5966b082cf9a028302ed4184","hash":"ee9165770a3876b9b4b3f354411e159c81b0707f"}
,"/Users/aleksandrbelik/Documents/filmFinder/src/components/common/sorting/sorting.jsx": {"path":"/Users/aleksandrbelik/Documents/filmFinder/src/components/common/sorting/sorting.jsx","statementMap":{"0":{"start":{"line":7,"column":16},"end":{"line":32,"column":1}},"1":{"start":{"line":12,"column":2},"end":{"line":31,"column":8}},"2":{"start":{"line":34,"column":0},"end":{"line":38,"column":2}}},"fnMap":{"0":{"name":"(anonymous_0)","decl":{"start":{"line":7,"column":16},"end":{"line":7,"column":17}},"loc":{"start":{"line":12,"column":2},"end":{"line":31,"column":8}},"line":12}},"branchMap":{},"s":{"0":1,"1":1,"2":1},"f":{"0":1},"b":{},"_coverageSchema":"43e27e138ebf9cfc5966b082cf9a028302ed4184","hash":"88aa15cf5b7d1ce335a1bc6b8c1c834ae5e2a5b8"}
,"/Users/aleksandrbelik/Documents/filmFinder/src/components/common/sorting/sorting.less": {"path":"/Users/aleksandrbelik/Documents/filmFinder/src/components/common/sorting/sorting.less","statementMap":{},"fnMap":{},"branchMap":{},"s":{},"f":{},"b":{},"_coverageSchema":"43e27e138ebf9cfc5966b082cf9a028302ed4184","hash":"cbcc35c6b66f6f188ad04e6095d10b47bcdb40fd"}
,"/Users/aleksandrbelik/Documents/filmFinder/src/components/common/sorting/sortingHelpers.js": {"path":"/Users/aleksandrbelik/Documents/filmFinder/src/components/common/sorting/sortingHelpers.js","statementMap":{"0":{"start":{"line":1,"column":33},"end":{"line":1,"column":39}},"1":{"start":{"line":2,"column":27},"end":{"line":2,"column":35}}},"fnMap":{},"branchMap":{},"s":{"0":1,"1":1},"f":{},"b":{},"_coverageSchema":"43e27e138ebf9cfc5966b082cf9a028302ed4184","hash":"88b2d904d9c21fc9c33167390e3b311fcd9775c3"}
}
