{"/Users/aleksandrbelik/Documents/filmFinder/src/components/common/filmCard/filmCard.jsx": {"path":"/Users/aleksandrbelik/Documents/filmFinder/src/components/common/filmCard/filmCard.jsx","statementMap":{"0":{"start":{"line":5,"column":17},"end":{"line":19,"column":1}},"1":{"start":{"line":11,"column":2},"end":{"line":18,"column":8}},"2":{"start":{"line":21,"column":0},"end":{"line":26,"column":2}}},"fnMap":{"0":{"name":"(anonymous_0)","decl":{"start":{"line":5,"column":17},"end":{"line":5,"column":18}},"loc":{"start":{"line":11,"column":2},"end":{"line":18,"column":8}},"line":11}},"branchMap":{},"s":{"0":6,"1":48,"2":6},"f":{"0":48},"b":{},"_coverageSchema":"43e27e138ebf9cfc5966b082cf9a028302ed4184","hash":"53f1040fee43dd62cd77968ba502cb1d395e70db"}
,"/Users/aleksandrbelik/Documents/filmFinder/src/components/common/filmCard/filmCard.less": {"path":"/Users/aleksandrbelik/Documents/filmFinder/src/components/common/filmCard/filmCard.less","statementMap":{},"fnMap":{},"branchMap":{},"s":{},"f":{},"b":{},"_coverageSchema":"43e27e138ebf9cfc5966b082cf9a028302ed4184","hash":"ef1ef700217acb1b41f463d63c0c5f741ef5ea57"}
,"/Users/aleksandrbelik/Documents/filmFinder/src/components/common/filmDetails/filmDetails.jsx": {"path":"/Users/aleksandrbelik/Documents/filmFinder/src/components/common/filmDetails/filmDetails.jsx","statementMap":{"0":{"start":{"line":5,"column":20},"end":{"line":20,"column":1}},"1":{"start":{"line":6,"column":2},"end":{"line":19,"column":8}},"2":{"start":{"line":22,"column":0},"end":{"line":29,"column":2}},"3":{"start":{"line":31,"column":0},"end":{"line":38,"column":2}}},"fnMap":{"0":{"name":"(anonymous_0)","decl":{"start":{"line":5,"column":20},"end":{"line":5,"column":21}},"loc":{"start":{"line":6,"column":2},"end":{"line":19,"column":8}},"line":6}},"branchMap":{},"s":{"0":3,"1":5,"2":3,"3":3},"f":{"0":5},"b":{},"_coverageSchema":"43e27e138ebf9cfc5966b082cf9a028302ed4184","hash":"d0378bde9aab9c61df6b6570435f5704a093a1b6"}
,"/Users/aleksandrbelik/Documents/filmFinder/src/components/common/filmDetails/filmDetails.less": {"path":"/Users/aleksandrbelik/Documents/filmFinder/src/components/common/filmDetails/filmDetails.less","statementMap":{},"fnMap":{},"branchMap":{},"s":{},"f":{},"b":{},"_coverageSchema":"43e27e138ebf9cfc5966b082cf9a028302ed4184","hash":"a36c6527b750b113cbe65113d3c48e0221bb19d7"}
,"/Users/aleksandrbelik/Documents/filmFinder/src/components/common/filmsList/filmsList.jsx": {"path":"/Users/aleksandrbelik/Documents/filmFinder/src/components/common/filmsList/filmsList.jsx","statementMap":{"0":{"start":{"line":7,"column":17},"end":{"line":20,"column":1}},"1":{"start":{"line":8,"column":2},"end":{"line":19,"column":8}},"2":{"start":{"line":11,"column":8},"end":{"line":11,"column":46}},"3":{"start":{"line":22,"column":0},"end":{"line":24,"column":2}},"4":{"start":{"line":26,"column":0},"end":{"line":107,"column":2}}},"fnMap":{"0":{"name":"(anonymous_0)","decl":{"start":{"line":7,"column":17},"end":{"line":7,"column":18}},"loc":{"start":{"line":8,"column":2},"end":{"line":19,"column":8}},"line":8},"1":{"name":"(anonymous_1)","decl":{"start":{"line":10,"column":34},"end":{"line":10,"column":35}},"loc":{"start":{"line":11,"column":8},"end":{"line":11,"column":46}},"line":11}},"branchMap":{"0":{"loc":{"start":{"line":10,"column":6},"end":{"line":12,"column":8}},"type":"binary-expr","locations":[{"start":{"line":10,"column":6},"end":{"line":10,"column":20}},{"start":{"line":10,"column":24},"end":{"line":12,"column":8}}],"line":10},"1":{"loc":{"start":{"line":15,"column":6},"end":{"line":17,"column":7}},"type":"binary-expr","locations":[{"start":{"line":15,"column":6},"end":{"line":15,"column":19}},{"start":{"line":16,"column":8},"end":{"line":16,"column":23}}],"line":15}},"s":{"0":4,"1":8,"2":59,"3":4,"4":4},"f":{"0":8,"1":59},"b":{"0":[8,7],"1":[8,1]},"_coverageSchema":"43e27e138ebf9cfc5966b082cf9a028302ed4184","hash":"4be314a8ead1929a7da76c2293823378cc0657dc"}
,"/Users/aleksandrbelik/Documents/filmFinder/src/components/common/filmsList/filmsList.less": {"path":"/Users/aleksandrbelik/Documents/filmFinder/src/components/common/filmsList/filmsList.less","statementMap":{},"fnMap":{},"branchMap":{},"s":{},"f":{},"b":{},"_coverageSchema":"43e27e138ebf9cfc5966b082cf9a028302ed4184","hash":"a65297564113bc1d0f216156494c9f8c9ec82a4f"}
,"/Users/aleksandrbelik/Documents/filmFinder/src/components/common/page/page.jsx": {"path":"/Users/aleksandrbelik/Documents/filmFinder/src/components/common/page/page.jsx","statementMap":{"0":{"start":{"line":6,"column":13},"end":{"line":38,"column":1}},"1":{"start":{"line":12,"column":2},"end":{"line":37,"column":8}},"2":{"start":{"line":40,"column":0},"end":{"line":45,"column":2}},"3":{"start":{"line":47,"column":0},"end":{"line":50,"column":2}}},"fnMap":{"0":{"name":"(anonymous_0)","decl":{"start":{"line":6,"column":13},"end":{"line":6,"column":14}},"loc":{"start":{"line":12,"column":2},"end":{"line":37,"column":8}},"line":12}},"branchMap":{"0":{"loc":{"start":{"line":19,"column":14},"end":{"line":21,"column":15}},"type":"binary-expr","locations":[{"start":{"line":19,"column":14},"end":{"line":19,"column":27}},{"start":{"line":20,"column":16},"end":{"line":20,"column":86}}],"line":19}},"s":{"0":4,"1":11,"2":4,"3":4},"f":{"0":11},"b":{"0":[11,4]},"_coverageSchema":"43e27e138ebf9cfc5966b082cf9a028302ed4184","hash":"aaeb5aa25f0c1c76b4a52fdefa1e353e0e25805c"}
,"/Users/aleksandrbelik/Documents/filmFinder/src/components/common/page/page.less": {"path":"/Users/aleksandrbelik/Documents/filmFinder/src/components/common/page/page.less","statementMap":{},"fnMap":{},"branchMap":{},"s":{},"f":{},"b":{},"_coverageSchema":"43e27e138ebf9cfc5966b082cf9a028302ed4184","hash":"14bac6f9c9623117324752538361a3ae448abe2d"}
,"/Users/aleksandrbelik/Documents/filmFinder/src/components/common/searchEmpty/searchEmpty.jsx": {"path":"/Users/aleksandrbelik/Documents/filmFinder/src/components/common/searchEmpty/searchEmpty.jsx","statementMap":{"0":{"start":{"line":4,"column":20},"end":{"line":6,"column":1}},"1":{"start":{"line":5,"column":2},"end":{"line":5,"column":52}}},"fnMap":{"0":{"name":"(anonymous_0)","decl":{"start":{"line":4,"column":20},"end":{"line":4,"column":21}},"loc":{"start":{"line":5,"column":2},"end":{"line":5,"column":52}},"line":5}},"branchMap":{},"s":{"0":6,"1":2},"f":{"0":2},"b":{},"_coverageSchema":"43e27e138ebf9cfc5966b082cf9a028302ed4184","hash":"6b0c0861b6b7368ac847ee181314db278d4fc577"}
,"/Users/aleksandrbelik/Documents/filmFinder/src/components/common/searchEmpty/searchEmpty.less": {"path":"/Users/aleksandrbelik/Documents/filmFinder/src/components/common/searchEmpty/searchEmpty.less","statementMap":{},"fnMap":{},"branchMap":{},"s":{},"f":{},"b":{},"_coverageSchema":"43e27e138ebf9cfc5966b082cf9a028302ed4184","hash":"e4c832ae7f489dcf927dc420bf4bcaadcb1ae977"}
,"/Users/aleksandrbelik/Documents/filmFinder/src/components/common/searchForm/searchForm.jsx": {"path":"/Users/aleksandrbelik/Documents/filmFinder/src/components/common/searchForm/searchForm.jsx","statementMap":{"0":{"start":{"line":7,"column":19},"end":{"line":41,"column":1}},"1":{"start":{"line":15,"column":2},"end":{"line":40,"column":9}},"2":{"start":{"line":43,"column":0},"end":{"line":50,"column":2}}},"fnMap":{"0":{"name":"(anonymous_0)","decl":{"start":{"line":7,"column":19},"end":{"line":7,"column":20}},"loc":{"start":{"line":15,"column":2},"end":{"line":40,"column":9}},"line":15}},"branchMap":{},"s":{"0":4,"1":11,"2":4},"f":{"0":11},"b":{},"_coverageSchema":"43e27e138ebf9cfc5966b082cf9a028302ed4184","hash":"346a91d4c98273757fb6dfd00d9bdf9f1a647dee"}
,"/Users/aleksandrbelik/Documents/filmFinder/src/components/common/searchForm/searchForm.less": {"path":"/Users/aleksandrbelik/Documents/filmFinder/src/components/common/searchForm/searchForm.less","statementMap":{},"fnMap":{},"branchMap":{},"s":{},"f":{},"b":{},"_coverageSchema":"43e27e138ebf9cfc5966b082cf9a028302ed4184","hash":"01ca6df5a3b964bebc61e666191a9b80cf48119a"}
,"/Users/aleksandrbelik/Documents/filmFinder/src/components/common/searchForm/searchFormContainer.jsx": {"path":"/Users/aleksandrbelik/Documents/filmFinder/src/components/common/searchForm/searchFormContainer.jsx","statementMap":{"0":{"start":{"line":7,"column":4},"end":{"line":7,"column":17}},"1":{"start":{"line":8,"column":4},"end":{"line":11,"column":6}},"2":{"start":{"line":12,"column":4},"end":{"line":12,"column":45}},"3":{"start":{"line":13,"column":4},"end":{"line":13,"column":55}},"4":{"start":{"line":14,"column":4},"end":{"line":14,"column":65}},"5":{"start":{"line":15,"column":4},"end":{"line":15,"column":65}},"6":{"start":{"line":19,"column":4},"end":{"line":19,"column":29}},"7":{"start":{"line":23,"column":4},"end":{"line":23,"column":44}},"8":{"start":{"line":27,"column":4},"end":{"line":27,"column":44}},"9":{"start":{"line":31,"column":4},"end":{"line":31,"column":23}},"10":{"start":{"line":32,"column":22},"end":{"line":32,"column":32}},"11":{"start":{"line":33,"column":4},"end":{"line":33,"column":23}},"12":{"start":{"line":37,"column":30},"end":{"line":37,"column":40}},"13":{"start":{"line":38,"column":4},"end":{"line":47,"column":6}}},"fnMap":{"0":{"name":"(anonymous_0)","decl":{"start":{"line":6,"column":2},"end":{"line":6,"column":3}},"loc":{"start":{"line":6,"column":21},"end":{"line":16,"column":3}},"line":6},"1":{"name":"(anonymous_1)","decl":{"start":{"line":18,"column":2},"end":{"line":18,"column":3}},"loc":{"start":{"line":18,"column":39},"end":{"line":20,"column":3}},"line":18},"2":{"name":"(anonymous_2)","decl":{"start":{"line":22,"column":2},"end":{"line":22,"column":3}},"loc":{"start":{"line":22,"column":23},"end":{"line":24,"column":3}},"line":22},"3":{"name":"(anonymous_3)","decl":{"start":{"line":26,"column":2},"end":{"line":26,"column":3}},"loc":{"start":{"line":26,"column":23},"end":{"line":28,"column":3}},"line":26},"4":{"name":"(anonymous_4)","decl":{"start":{"line":30,"column":2},"end":{"line":30,"column":3}},"loc":{"start":{"line":30,"column":14},"end":{"line":34,"column":3}},"line":30},"5":{"name":"(anonymous_5)","decl":{"start":{"line":36,"column":2},"end":{"line":36,"column":3}},"loc":{"start":{"line":36,"column":11},"end":{"line":48,"column":3}},"line":36}},"branchMap":{},"s":{"0":6,"1":6,"2":6,"3":6,"4":6,"5":6,"6":1,"7":1,"8":2,"9":0,"10":0,"11":0,"12":10,"13":10},"f":{"0":6,"1":1,"2":1,"3":2,"4":0,"5":10},"b":{},"_coverageSchema":"43e27e138ebf9cfc5966b082cf9a028302ed4184","hash":"ba45c46b9ed48c9826cc81f22cd64f9a971cd7e5"}
,"/Users/aleksandrbelik/Documents/filmFinder/src/components/common/searchForm/searchFormHelpers.js": {"path":"/Users/aleksandrbelik/Documents/filmFinder/src/components/common/searchForm/searchFormHelpers.js","statementMap":{"0":{"start":{"line":1,"column":28},"end":{"line":1,"column":35}},"1":{"start":{"line":2,"column":28},"end":{"line":2,"column":35}}},"fnMap":{},"branchMap":{},"s":{"0":4,"1":4},"f":{},"b":{},"_coverageSchema":"43e27e138ebf9cfc5966b082cf9a028302ed4184","hash":"ee9165770a3876b9b4b3f354411e159c81b0707f"}
,"/Users/aleksandrbelik/Documents/filmFinder/src/components/common/sorting/sorting.jsx": {"path":"/Users/aleksandrbelik/Documents/filmFinder/src/components/common/sorting/sorting.jsx","statementMap":{"0":{"start":{"line":7,"column":16},"end":{"line":32,"column":1}},"1":{"start":{"line":12,"column":2},"end":{"line":31,"column":8}},"2":{"start":{"line":34,"column":0},"end":{"line":38,"column":2}}},"fnMap":{"0":{"name":"(anonymous_0)","decl":{"start":{"line":7,"column":16},"end":{"line":7,"column":17}},"loc":{"start":{"line":12,"column":2},"end":{"line":31,"column":8}},"line":12}},"branchMap":{},"s":{"0":4,"1":8,"2":4},"f":{"0":8},"b":{},"_coverageSchema":"43e27e138ebf9cfc5966b082cf9a028302ed4184","hash":"88aa15cf5b7d1ce335a1bc6b8c1c834ae5e2a5b8"}
,"/Users/aleksandrbelik/Documents/filmFinder/src/components/common/sorting/sorting.less": {"path":"/Users/aleksandrbelik/Documents/filmFinder/src/components/common/sorting/sorting.less","statementMap":{},"fnMap":{},"branchMap":{},"s":{},"f":{},"b":{},"_coverageSchema":"43e27e138ebf9cfc5966b082cf9a028302ed4184","hash":"cbcc35c6b66f6f188ad04e6095d10b47bcdb40fd"}
,"/Users/aleksandrbelik/Documents/filmFinder/src/components/common/sorting/sortingContainer.jsx": {"path":"/Users/aleksandrbelik/Documents/filmFinder/src/components/common/sorting/sortingContainer.jsx","statementMap":{"0":{"start":{"line":7,"column":4},"end":{"line":7,"column":17}},"1":{"start":{"line":8,"column":4},"end":{"line":10,"column":6}},"2":{"start":{"line":11,"column":4},"end":{"line":11,"column":73}},"3":{"start":{"line":12,"column":4},"end":{"line":12,"column":63}},"4":{"start":{"line":16,"column":4},"end":{"line":16,"column":47}},"5":{"start":{"line":20,"column":4},"end":{"line":20,"column":41}},"6":{"start":{"line":24,"column":21},"end":{"line":24,"column":31}},"7":{"start":{"line":25,"column":4},"end":{"line":31,"column":6}}},"fnMap":{"0":{"name":"(anonymous_0)","decl":{"start":{"line":6,"column":2},"end":{"line":6,"column":3}},"loc":{"start":{"line":6,"column":21},"end":{"line":13,"column":3}},"line":6},"1":{"name":"(anonymous_1)","decl":{"start":{"line":15,"column":2},"end":{"line":15,"column":3}},"loc":{"start":{"line":15,"column":27},"end":{"line":17,"column":3}},"line":15},"2":{"name":"(anonymous_2)","decl":{"start":{"line":19,"column":2},"end":{"line":19,"column":3}},"loc":{"start":{"line":19,"column":22},"end":{"line":21,"column":3}},"line":19},"3":{"name":"(anonymous_3)","decl":{"start":{"line":23,"column":2},"end":{"line":23,"column":3}},"loc":{"start":{"line":23,"column":11},"end":{"line":32,"column":3}},"line":23}},"branchMap":{},"s":{"0":5,"1":5,"2":5,"3":5,"4":1,"5":2,"6":8,"7":8},"f":{"0":5,"1":1,"2":2,"3":8},"b":{},"_coverageSchema":"43e27e138ebf9cfc5966b082cf9a028302ed4184","hash":"6b83a1e98913c1d3ad4146c766624be32b8ab5dc"}
,"/Users/aleksandrbelik/Documents/filmFinder/src/components/common/sorting/sortingHelpers.js": {"path":"/Users/aleksandrbelik/Documents/filmFinder/src/components/common/sorting/sortingHelpers.js","statementMap":{"0":{"start":{"line":1,"column":33},"end":{"line":1,"column":39}},"1":{"start":{"line":2,"column":27},"end":{"line":2,"column":35}}},"fnMap":{},"branchMap":{},"s":{"0":4,"1":4},"f":{},"b":{},"_coverageSchema":"43e27e138ebf9cfc5966b082cf9a028302ed4184","hash":"88b2d904d9c21fc9c33167390e3b311fcd9775c3"}
,"/Users/aleksandrbelik/Documents/filmFinder/src/components/pages/filmDetailsPage/filmDetailsPage.jsx": {"path":"/Users/aleksandrbelik/Documents/filmFinder/src/components/pages/filmDetailsPage/filmDetailsPage.jsx","statementMap":{"0":{"start":{"line":6,"column":24},"end":{"line":13,"column":1}},"1":{"start":{"line":7,"column":2},"end":{"line":12,"column":4}}},"fnMap":{"0":{"name":"(anonymous_0)","decl":{"start":{"line":6,"column":24},"end":{"line":6,"column":25}},"loc":{"start":{"line":7,"column":2},"end":{"line":12,"column":4}},"line":7}},"branchMap":{},"s":{"0":1,"1":2},"f":{"0":2},"b":{},"_coverageSchema":"43e27e138ebf9cfc5966b082cf9a028302ed4184","hash":"fd2e7ca8d56c4dc5caf8a34ac976a9de3d5c90a9"}
,"/Users/aleksandrbelik/Documents/filmFinder/src/components/pages/searchPage/searchPage.jsx": {"path":"/Users/aleksandrbelik/Documents/filmFinder/src/components/pages/searchPage/searchPage.jsx","statementMap":{"0":{"start":{"line":7,"column":19},"end":{"line":13,"column":1}},"1":{"start":{"line":8,"column":2},"end":{"line":12,"column":4}}},"fnMap":{"0":{"name":"(anonymous_0)","decl":{"start":{"line":7,"column":19},"end":{"line":7,"column":20}},"loc":{"start":{"line":8,"column":2},"end":{"line":12,"column":4}},"line":8}},"branchMap":{},"s":{"0":1,"1":2},"f":{"0":2},"b":{},"_coverageSchema":"43e27e138ebf9cfc5966b082cf9a028302ed4184","hash":"689edf4c0889a33c141172794fd39c98fe3d037c"}
}
