TN:
SF:/Users/aleksandrbelik/Documents/filmFinder/src/components/common/filmCard/filmCard.jsx
FN:5,(anonymous_0)
FNF:1
FNH:1
FNDA:48,(anonymous_0)
DA:5,6
DA:11,48
DA:21,6
LF:3
LH:3
BRF:0
BRH:0
end_of_record
TN:
SF:/Users/aleksandrbelik/Documents/filmFinder/src/components/common/filmCard/filmCard.less
FNF:0
FNH:0
LF:0
LH:0
BRF:0
BRH:0
end_of_record
TN:
SF:/Users/aleksandrbelik/Documents/filmFinder/src/components/common/filmDetails/filmDetails.jsx
FN:5,(anonymous_0)
FNF:1
FNH:1
FNDA:5,(anonymous_0)
DA:5,3
DA:6,5
DA:22,3
DA:31,3
LF:4
LH:4
BRF:0
BRH:0
end_of_record
TN:
SF:/Users/aleksandrbelik/Documents/filmFinder/src/components/common/filmDetails/filmDetails.less
FNF:0
FNH:0
LF:0
LH:0
BRF:0
BRH:0
end_of_record
TN:
SF:/Users/aleksandrbelik/Documents/filmFinder/src/components/common/filmsList/filmsList.jsx
FN:7,(anonymous_0)
FN:10,(anonymous_1)
FNF:2
FNH:2
FNDA:8,(anonymous_0)
FNDA:59,(anonymous_1)
DA:7,4
DA:8,8
DA:11,59
DA:22,4
DA:26,4
LF:5
LH:5
BRDA:10,0,0,8
BRDA:10,0,1,7
BRDA:15,1,0,8
BRDA:15,1,1,1
BRF:4
BRH:4
end_of_record
TN:
SF:/Users/aleksandrbelik/Documents/filmFinder/src/components/common/filmsList/filmsList.less
FNF:0
FNH:0
LF:0
LH:0
BRF:0
BRH:0
end_of_record
TN:
SF:/Users/aleksandrbelik/Documents/filmFinder/src/components/common/page/page.jsx
FN:6,(anonymous_0)
FNF:1
FNH:1
FNDA:11,(anonymous_0)
DA:6,4
DA:12,11
DA:40,4
DA:47,4
LF:4
LH:4
BRDA:19,0,0,11
BRDA:19,0,1,4
BRF:2
BRH:2
end_of_record
TN:
SF:/Users/aleksandrbelik/Documents/filmFinder/src/components/common/page/page.less
FNF:0
FNH:0
LF:0
LH:0
BRF:0
BRH:0
end_of_record
TN:
SF:/Users/aleksandrbelik/Documents/filmFinder/src/components/common/searchEmpty/searchEmpty.jsx
FN:4,(anonymous_0)
FNF:1
FNH:1
FNDA:2,(anonymous_0)
DA:4,6
DA:5,2
LF:2
LH:2
BRF:0
BRH:0
end_of_record
TN:
SF:/Users/aleksandrbelik/Documents/filmFinder/src/components/common/searchEmpty/searchEmpty.less
FNF:0
FNH:0
LF:0
LH:0
BRF:0
BRH:0
end_of_record
TN:
SF:/Users/aleksandrbelik/Documents/filmFinder/src/components/common/searchForm/searchForm.jsx
FN:7,(anonymous_0)
FNF:1
FNH:1
FNDA:11,(anonymous_0)
DA:7,4
DA:15,11
DA:43,4
LF:3
LH:3
BRF:0
BRH:0
end_of_record
TN:
SF:/Users/aleksandrbelik/Documents/filmFinder/src/components/common/searchForm/searchForm.less
FNF:0
FNH:0
LF:0
LH:0
BRF:0
BRH:0
end_of_record
TN:
SF:/Users/aleksandrbelik/Documents/filmFinder/src/components/common/searchForm/searchFormContainer.jsx
FN:6,(anonymous_0)
FN:18,(anonymous_1)
FN:22,(anonymous_2)
FN:26,(anonymous_3)
FN:30,(anonymous_4)
FN:36,(anonymous_5)
FNF:6
FNH:5
FNDA:6,(anonymous_0)
FNDA:1,(anonymous_1)
FNDA:1,(anonymous_2)
FNDA:2,(anonymous_3)
FNDA:0,(anonymous_4)
FNDA:10,(anonymous_5)
DA:7,6
DA:8,6
DA:12,6
DA:13,6
DA:14,6
DA:15,6
DA:19,1
DA:23,1
DA:27,2
DA:31,0
DA:32,0
DA:33,0
DA:37,10
DA:38,10
LF:14
LH:11
BRF:0
BRH:0
end_of_record
TN:
SF:/Users/aleksandrbelik/Documents/filmFinder/src/components/common/searchForm/searchFormHelpers.js
FNF:0
FNH:0
DA:1,4
DA:2,4
LF:2
LH:2
BRF:0
BRH:0
end_of_record
TN:
SF:/Users/aleksandrbelik/Documents/filmFinder/src/components/common/sorting/sorting.jsx
FN:7,(anonymous_0)
FNF:1
FNH:1
FNDA:8,(anonymous_0)
DA:7,4
DA:12,8
DA:34,4
LF:3
LH:3
BRF:0
BRH:0
end_of_record
TN:
SF:/Users/aleksandrbelik/Documents/filmFinder/src/components/common/sorting/sorting.less
FNF:0
FNH:0
LF:0
LH:0
BRF:0
BRH:0
end_of_record
TN:
SF:/Users/aleksandrbelik/Documents/filmFinder/src/components/common/sorting/sortingContainer.jsx
FN:6,(anonymous_0)
FN:15,(anonymous_1)
FN:19,(anonymous_2)
FN:23,(anonymous_3)
FNF:4
FNH:4
FNDA:5,(anonymous_0)
FNDA:1,(anonymous_1)
FNDA:2,(anonymous_2)
FNDA:8,(anonymous_3)
DA:7,5
DA:8,5
DA:11,5
DA:12,5
DA:16,1
DA:20,2
DA:24,8
DA:25,8
LF:8
LH:8
BRF:0
BRH:0
end_of_record
TN:
SF:/Users/aleksandrbelik/Documents/filmFinder/src/components/common/sorting/sortingHelpers.js
FNF:0
FNH:0
DA:1,4
DA:2,4
LF:2
LH:2
BRF:0
BRH:0
end_of_record
TN:
SF:/Users/aleksandrbelik/Documents/filmFinder/src/components/pages/filmDetailsPage/filmDetailsPage.jsx
FN:6,(anonymous_0)
FNF:1
FNH:1
FNDA:2,(anonymous_0)
DA:6,1
DA:7,2
LF:2
LH:2
BRF:0
BRH:0
end_of_record
TN:
SF:/Users/aleksandrbelik/Documents/filmFinder/src/components/pages/searchPage/searchPage.jsx
FN:7,(anonymous_0)
FNF:1
FNH:1
FNDA:2,(anonymous_0)
DA:7,1
DA:8,2
LF:2
LH:2
BRF:0
BRH:0
end_of_record
