TN:
SF:/Users/aleksandrbelik/Documents/filmFinder/src/components/common/filmCard/filmCard.jsx
FN:5,(anonymous_0)
FNF:1
FNH:1
FNDA:20,(anonymous_0)
DA:5,2
DA:11,20
DA:21,2
LF:3
LH:3
BRF:0
BRH:0
end_of_record
TN:
SF:/Users/aleksandrbelik/Documents/filmFinder/src/components/common/filmCard/filmCard.less
FNF:0
FNH:0
LF:0
LH:0
BRF:0
BRH:0
end_of_record
TN:
SF:/Users/aleksandrbelik/Documents/filmFinder/src/components/common/filmDetails/filmDetails.jsx
FN:4,(anonymous_0)
FNF:1
FNH:1
FNDA:1,(anonymous_0)
DA:4,1
DA:5,1
LF:2
LH:2
BRF:0
BRH:0
end_of_record
TN:
SF:/Users/aleksandrbelik/Documents/filmFinder/src/components/common/filmDetails/filmDetails.less
FNF:0
FNH:0
LF:0
LH:0
BRF:0
BRH:0
end_of_record
TN:
SF:/Users/aleksandrbelik/Documents/filmFinder/src/components/common/filmsList/filmsList.jsx
FN:7,(anonymous_0)
FN:10,(anonymous_1)
FNF:2
FNH:2
FNDA:3,(anonymous_0)
FNDA:19,(anonymous_1)
DA:7,1
DA:8,3
DA:11,19
DA:22,1
DA:26,1
LF:5
LH:5
BRDA:10,0,0,3
BRDA:10,0,1,3
BRDA:15,1,0,3
BRDA:15,1,1,0
BRF:4
BRH:3
end_of_record
TN:
SF:/Users/aleksandrbelik/Documents/filmFinder/src/components/common/filmsList/filmsList.less
FNF:0
FNH:0
LF:0
LH:0
BRF:0
BRH:0
end_of_record
TN:
SF:/Users/aleksandrbelik/Documents/filmFinder/src/components/common/page/page.jsx
FN:6,(anonymous_0)
FNF:1
FNH:1
FNDA:4,(anonymous_0)
DA:6,1
DA:12,4
DA:40,1
DA:47,1
LF:4
LH:4
BRDA:19,0,0,4
BRDA:19,0,1,2
BRF:2
BRH:2
end_of_record
TN:
SF:/Users/aleksandrbelik/Documents/filmFinder/src/components/common/page/page.less
FNF:0
FNH:0
LF:0
LH:0
BRF:0
BRH:0
end_of_record
TN:
SF:/Users/aleksandrbelik/Documents/filmFinder/src/components/common/searchEmpty/searchEmpty.jsx
FN:4,(anonymous_0)
FNF:1
FNH:1
FNDA:1,(anonymous_0)
DA:4,2
DA:5,1
LF:2
LH:2
BRF:0
BRH:0
end_of_record
TN:
SF:/Users/aleksandrbelik/Documents/filmFinder/src/components/common/searchEmpty/searchEmpty.less
FNF:0
FNH:0
LF:0
LH:0
BRF:0
BRH:0
end_of_record
TN:
SF:/Users/aleksandrbelik/Documents/filmFinder/src/components/common/searchForm/searchForm.jsx
FN:7,(anonymous_0)
FNF:1
FNH:1
FNDA:1,(anonymous_0)
DA:7,1
DA:15,1
DA:43,1
LF:3
LH:3
BRF:0
BRH:0
end_of_record
TN:
SF:/Users/aleksandrbelik/Documents/filmFinder/src/components/common/searchForm/searchForm.less
FNF:0
FNH:0
LF:0
LH:0
BRF:0
BRH:0
end_of_record
TN:
SF:/Users/aleksandrbelik/Documents/filmFinder/src/components/common/searchForm/searchFormHelpers.js
FNF:0
FNH:0
DA:1,1
DA:2,1
LF:2
LH:2
BRF:0
BRH:0
end_of_record
TN:
SF:/Users/aleksandrbelik/Documents/filmFinder/src/components/common/sorting/sorting.jsx
FN:7,(anonymous_0)
FNF:1
FNH:1
FNDA:1,(anonymous_0)
DA:7,1
DA:12,1
DA:34,1
LF:3
LH:3
BRF:0
BRH:0
end_of_record
TN:
SF:/Users/aleksandrbelik/Documents/filmFinder/src/components/common/sorting/sorting.less
FNF:0
FNH:0
LF:0
LH:0
BRF:0
BRH:0
end_of_record
TN:
SF:/Users/aleksandrbelik/Documents/filmFinder/src/components/common/sorting/sortingHelpers.js
FNF:0
FNH:0
DA:1,1
DA:2,1
LF:2
LH:2
BRF:0
BRH:0
end_of_record
